<?xml version="1.0" encoding="UTF-8"?>
<testsuite xmlns:xsi="http://www.w3.org/2001/XMLSchema-instance" xsi:noNamespaceSchemaLocation="https://maven.apache.org/surefire/maven-surefire-plugin/xsd/surefire-test-report-3.0.xsd" version="3.0" name="pt.av.edimilsonestevam.calculator.ScientificCalculatorTest" time="0.148" tests="4" errors="0" skipped="0" failures="0">
  <properties>
[...]
</properties>
  <testcase name="shouldCalculateSquareRoot" classname="pt.av.edimilsonestevam.calculator.ScientificCalculatorTest" time="0.095"/>
  <testcase name="shouldThrowExceptionWhenDividingByZero" classname="pt.av.edimilsonestevam.calculator.ScientificCalculatorTest" time="0.003"/>
  <testcase name="shouldAddCorrectly" classname="pt.av.edimilsonestevam.calculator.ScientificCalculatorTest" time="0.002"/>
  <testcase name="shouldCalculatePower" classname="pt.av.edimilsonestevam.calculator.ScientificCalculatorTest" time="0.001"/>
</testsuite>